d:\source\nyxis-engine\nyxis_engine.dir\release\rendersystem.obj
d:\source\nyxis-engine\nyxis_engine.dir\release\physicsengine.obj
d:\source\nyxis-engine\nyxis_engine.dir\release\nyxispch.obj
d:\source\nyxis-engine\nyxis_engine.dir\release\log.obj
d:\source\nyxis-engine\nyxis_engine.dir\release\imguilayer.obj
d:\source\nyxis-engine\nyxis_engine.dir\release\gltfrenderer.obj
d:\source\nyxis-engine\nyxis_engine.dir\release\gltfmodel.obj
d:\source\nyxis-engine\nyxis_engine.dir\release\cameracontroller.obj
d:\source\nyxis-engine\nyxis_engine.dir\release\camera.obj
d:\source\nyxis-engine\nyxis_engine.dir\release\assimpmodel.obj
d:\source\nyxis-engine\nyxis_engine.dir\release\imgui_stdlib.obj
d:\source\nyxis-engine\nyxis_engine.dir\release\imgui_widgets.obj
d:\source\nyxis-engine\nyxis_engine.dir\release\imgui_tables.obj
d:\source\nyxis-engine\nyxis_engine.dir\release\imgui_draw.obj
d:\source\nyxis-engine\nyxis_engine.dir\release\imgui_demo.obj
d:\source\nyxis-engine\nyxis_engine.dir\release\imgui.obj
d:\source\nyxis-engine\nyxis_engine.dir\release\imgui_impl_vulkan.obj
d:\source\nyxis-engine\nyxis_engine.dir\release\imgui_impl_glfw.obj
d:\source\nyxis-engine\nyxis_engine.dir\release\scene.obj
d:\source\nyxis-engine\nyxis_engine.dir\release\components.obj
d:\source\nyxis-engine\nyxis_engine.dir\release\window.obj
d:\source\nyxis-engine\nyxis_engine.dir\release\texture.obj
d:\source\nyxis-engine\nyxis_engine.dir\release\swap_chain.obj
d:\source\nyxis-engine\nyxis_engine.dir\release\simplerendersystem.obj
d:\source\nyxis-engine\nyxis_engine.dir\release\shadowmapping.obj
d:\source\nyxis-engine\nyxis_engine.dir\release\renderer.obj
d:\source\nyxis-engine\nyxis_engine.dir\release\pointlightsystem.obj
d:\source\nyxis-engine\nyxis_engine.dir\release\pipeline.obj
d:\source\nyxis-engine\nyxis_engine.dir\release\model.obj
d:\source\nyxis-engine\nyxis_engine.dir\release\main.obj
d:\source\nyxis-engine\nyxis_engine.dir\release\layer.obj
d:\source\nyxis-engine\nyxis_engine.dir\release\input.obj
d:\source\nyxis-engine\nyxis_engine.dir\release\gameobject.obj
d:\source\nyxis-engine\nyxis_engine.dir\release\device.obj
d:\source\nyxis-engine\nyxis_engine.dir\release\descriptors.obj
d:\source\nyxis-engine\nyxis_engine.dir\release\buffer.obj
d:\source\nyxis-engine\nyxis_engine.dir\release\app.obj
d:\source\nyxis-engine\nyxis_engine.dir\release\texturerendersystem.obj
d:\source\nyxis-engine\nyxis_engine.dir\release\particlerendersystem.obj
d:\source\nyxis-engine\cmakefiles\generate.stamp
d:\source\nyxis-engine\bin\release\nyxis_engine.exe
d:\source\nyxis-engine\nyxis_engine.dir\release\nyxis_engine.tlog\cl.command.1.tlog
d:\source\nyxis-engine\nyxis_engine.dir\release\nyxis_engine.tlog\cl.read.1.tlog
d:\source\nyxis-engine\nyxis_engine.dir\release\nyxis_engine.tlog\cl.write.1.tlog
d:\source\nyxis-engine\nyxis_engine.dir\release\nyxis_engine.tlog\custombuild.command.1.tlog
d:\source\nyxis-engine\nyxis_engine.dir\release\nyxis_engine.tlog\custombuild.read.1.tlog
d:\source\nyxis-engine\nyxis_engine.dir\release\nyxis_engine.tlog\custombuild.write.1.tlog
d:\source\nyxis-engine\nyxis_engine.dir\release\nyxis_engine.tlog\link.command.1.tlog
d:\source\nyxis-engine\nyxis_engine.dir\release\nyxis_engine.tlog\link.read.1.tlog
d:\source\nyxis-engine\nyxis_engine.dir\release\nyxis_engine.tlog\link.write.1.tlog
